{"/home/fathur/Documents/Latihan/Jest/jest-test-cases/src/asynchronous/asyncProfile.js": {"path":"/home/fathur/Documents/Latihan/Jest/jest-test-cases/src/asynchronous/asyncProfile.js","statementMap":{"0":{"start":{"line":1,"column":14},"end":{"line":1,"column":30}},"1":{"start":{"line":3,"column":19},"end":{"line":10,"column":1}},"2":{"start":{"line":4,"column":12},"end":{"line":4,"column":58}},"3":{"start":{"line":6,"column":2},"end":{"line":9,"column":27}},"4":{"start":{"line":8,"column":22},"end":{"line":8,"column":35}},"5":{"start":{"line":9,"column":20},"end":{"line":9,"column":25}},"6":{"start":{"line":12,"column":0},"end":{"line":12,"column":32}}},"fnMap":{"0":{"name":"(anonymous_0)","decl":{"start":{"line":3,"column":19},"end":{"line":3,"column":20}},"loc":{"start":{"line":3,"column":25},"end":{"line":10,"column":1}},"line":3},"1":{"name":"(anonymous_1)","decl":{"start":{"line":8,"column":10},"end":{"line":8,"column":11}},"loc":{"start":{"line":8,"column":22},"end":{"line":8,"column":35}},"line":8},"2":{"name":"(anonymous_2)","decl":{"start":{"line":9,"column":11},"end":{"line":9,"column":12}},"loc":{"start":{"line":9,"column":20},"end":{"line":9,"column":25}},"line":9}},"branchMap":{},"s":{"0":1,"1":1,"2":1,"3":1,"4":1,"5":0,"6":1},"f":{"0":1,"1":1,"2":0},"b":{},"_coverageSchema":"43e27e138ebf9cfc5966b082cf9a028302ed4184","hash":"402ad2cb30765946815090e075b404c083943e01"}
,"/home/fathur/Documents/Latihan/Jest/jest-test-cases/src/calculation/calc.js": {"path":"/home/fathur/Documents/Latihan/Jest/jest-test-cases/src/calculation/calc.js","statementMap":{"0":{"start":{"line":1,"column":15},"end":{"line":1,"column":30}},"1":{"start":{"line":1,"column":25},"end":{"line":1,"column":30}},"2":{"start":{"line":2,"column":15},"end":{"line":2,"column":30}},"3":{"start":{"line":2,"column":25},"end":{"line":2,"column":30}},"4":{"start":{"line":4,"column":0},"end":{"line":4,"column":36}}},"fnMap":{"0":{"name":"(anonymous_0)","decl":{"start":{"line":1,"column":15},"end":{"line":1,"column":16}},"loc":{"start":{"line":1,"column":25},"end":{"line":1,"column":30}},"line":1},"1":{"name":"(anonymous_1)","decl":{"start":{"line":2,"column":15},"end":{"line":2,"column":16}},"loc":{"start":{"line":2,"column":25},"end":{"line":2,"column":30}},"line":2}},"branchMap":{},"s":{"0":1,"1":1,"2":1,"3":1,"4":1},"f":{"0":1,"1":1},"b":{},"_coverageSchema":"43e27e138ebf9cfc5966b082cf9a028302ed4184","hash":"49d8f5b7115a9cd4d53e76270250f02b9eb97ea9"}
,"/home/fathur/Documents/Latihan/Jest/jest-test-cases/src/collection/profile.js": {"path":"/home/fathur/Documents/Latihan/Jest/jest-test-cases/src/collection/profile.js","statementMap":{"0":{"start":{"line":1,"column":16},"end":{"line":5,"column":1}},"1":{"start":{"line":7,"column":0},"end":{"line":7,"column":25}}},"fnMap":{},"branchMap":{},"s":{"0":1,"1":1},"f":{},"b":{},"_coverageSchema":"43e27e138ebf9cfc5966b082cf9a028302ed4184","hash":"d22e4960249dcad274716e8c25768dd2f870fe51"}
}
