TN:
SF:/home/fathur/Documents/Latihan/Jest/jest-test-cases/src/asynchronous/asyncProfile.js
FN:3,(anonymous_0)
FN:8,(anonymous_1)
FN:9,(anonymous_2)
FNF:3
FNH:2
FNDA:1,(anonymous_0)
FNDA:1,(anonymous_1)
FNDA:0,(anonymous_2)
DA:1,1
DA:3,1
DA:4,1
DA:6,1
DA:8,1
DA:9,0
DA:12,1
LF:7
LH:6
BRF:0
BRH:0
end_of_record
TN:
SF:/home/fathur/Documents/Latihan/Jest/jest-test-cases/src/calculation/calc.js
FN:1,(anonymous_0)
FN:2,(anonymous_1)
FNF:2
FNH:2
FNDA:1,(anonymous_0)
FNDA:1,(anonymous_1)
DA:1,1
DA:2,1
DA:4,1
LF:3
LH:3
BRF:0
BRH:0
end_of_record
TN:
SF:/home/fathur/Documents/Latihan/Jest/jest-test-cases/src/collection/profile.js
FNF:0
FNH:0
DA:1,1
DA:7,1
LF:2
LH:2
BRF:0
BRH:0
end_of_record
